2024-11-10 18:18:15,316 - INFO - Script started
2024-11-10 18:18:15,317 - INFO - Command received: here
2024-11-10 18:18:18,941 - INFO - Current path set to: C:\Users\Sachin_Singh\Desktop\Testing\000001\Project
2024-11-10 18:18:18,941 - INFO - Script ended
2024-11-10 18:27:20,774 - INFO - Script started
2024-11-10 18:27:20,775 - INFO - Command received: here
2024-11-10 18:28:01,806 - INFO - Current path set to: C:\Users\Sachin_Singh\Desktop\Testing\000001\Project
2024-11-10 18:28:01,806 - INFO - Script ended
2024-11-10 19:15:59,892 - INFO - Script started
2024-11-10 19:15:59,892 - INFO - Command received: here
2024-11-10 19:16:07,993 - INFO - Current path set to: C:\Users\Sachin_Singh\Desktop\Testing\000001\Project
2024-11-10 19:16:07,993 - INFO - Script ended
2024-11-10 19:36:32,674 - INFO - Script started
2024-11-10 19:36:32,674 - INFO - Command received: -h
2024-11-10 19:36:32,675 - INFO - Displaying detailed help.
2024-11-10 19:36:32,675 - INFO - Script ended
2024-11-10 19:37:39,488 - INFO - Script started
2024-11-10 19:37:39,488 - INFO - Command received: here
2024-11-10 19:38:17,494 - INFO - Current path set to: C:\Users\Sachin_Singh\Desktop\Testing\000001\Project
2024-11-10 19:38:17,495 - INFO - Script ended
2024-11-10 20:24:37,050 - INFO - Script started
2024-11-10 20:24:37,050 - INFO - Command received: here
2024-11-10 20:24:41,124 - INFO - Current path set to: C:\Users\Sachin_Singh\Desktop\Testing\000001\Project
2024-11-10 20:24:41,124 - INFO - Script ended
2024-11-10 20:44:58,443 - INFO - Script started
2024-11-10 20:44:58,443 - INFO - Command received: here
2024-11-10 20:45:01,121 - INFO - Current path set to: C:\Users\Sachin_Singh\Desktop\Testing\000001\Project
2024-11-10 20:45:01,122 - INFO - Script ended
2024-11-10 20:54:11,508 - INFO - Script started
2024-11-10 20:54:11,508 - INFO - Command received: here
2024-11-10 20:54:13,609 - INFO - Current path set to: C:\Users\Sachin_Singh\Desktop\Testing\000001\Project
2024-11-10 20:54:13,609 - INFO - Script ended
2024-11-10 22:42:02,860 - INFO - Script started
2024-11-10 22:42:02,860 - INFO - Command received: here
2024-11-10 22:42:05,341 - INFO - Current path set to: C:\Users\Sachin_Singh\Desktop\Testing\000001\Project
2024-11-10 22:42:05,341 - INFO - Script ended
2024-11-10 22:42:25,903 - INFO - Script started
2024-11-10 22:42:25,903 - INFO - Command received: here
2024-11-10 22:42:29,753 - INFO - Current path set to: C:\Users\Sachin_Singh\Desktop\Testing\000001\Project
2024-11-10 22:42:29,754 - INFO - Script ended
2024-11-10 23:01:49,546 - INFO - Script started
2024-11-10 23:01:49,547 - INFO - Command received: here
2024-11-10 23:01:53,617 - INFO - Current path set to: C:\Users\Sachin_Singh\Desktop\Testing\000001\Project
2024-11-10 23:01:53,617 - INFO - Script ended
2024-11-10 23:02:21,234 - INFO - Script started
2024-11-10 23:02:21,234 - INFO - Command received: here
2024-11-10 23:02:25,254 - INFO - Current path set to: C:\Users\Sachin_Singh\Desktop\Testing\000001\Project
2024-11-10 23:02:25,255 - INFO - Script ended
2024-11-12 09:41:26,275 - INFO - Script started
2024-11-12 09:41:26,275 - INFO - Command received: here
2024-11-12 09:41:39,689 - INFO - Current path set to: C:\Users\Sachin_Singh\Desktop\Testing\New folder (2)
2024-11-12 09:41:39,689 - INFO - Script ended
2024-11-12 15:49:04,939 - INFO - Script started
2024-11-12 15:49:04,940 - INFO - Command received: here
2024-11-12 15:49:07,570 - INFO - Current path set to: C:\Users\Sachin_Singh\Desktop\GitHubProject\New folder
2024-11-12 15:49:07,570 - INFO - Script ended
2024-11-12 17:53:44,362 - INFO - Script started
2024-11-12 17:53:44,363 - INFO - Command received: here
2024-11-12 17:53:46,533 - INFO - Current path set to: C:\Users\Sachin_Singh\Desktop\GitHubProject\New folder
2024-11-12 17:53:46,534 - INFO - Script ended
2024-11-12 18:00:35,233 - INFO - Script started
2024-11-12 18:00:35,233 - INFO - Command received: here
2024-11-12 18:00:42,470 - INFO - Current path set to: C:\Users\Sachin_Singh\Desktop\GitHubProject\New folder
2024-11-12 18:00:42,470 - INFO - Script ended
